2015-05-15 16:00:22 Error: [Cake\Database\Exception] SQLSTATE[42S02]: Base table or view not found: 1146 Table 'schuelerpaten2.preferred_tandems' doesn't exist
Stack Trace:
#0 C:\xampp\htdocs\schuelerpaten2\vendor\cakephp\cakephp\src\Database\Schema\Collection.php(96): Cake\Database\Schema\Collection->_reflect('Column', 'preferred_tande...', Array, Object(Cake\Database\Schema\Table))
#1 C:\xampp\htdocs\schuelerpaten2\vendor\cakephp\cakephp\src\Database\Schema\CachedCollection.php(65): Cake\Database\Schema\Collection->describe('preferred_tande...', Array)
#2 C:\xampp\htdocs\schuelerpaten2\vendor\cakephp\cakephp\src\ORM\Table.php(426): Cake\Database\Schema\CachedCollection->describe('preferred_tande...')
#3 C:\xampp\htdocs\schuelerpaten2\vendor\cakephp\cakephp\src\ORM\Table.php(502): Cake\ORM\Table->schema()
#4 C:\xampp\htdocs\schuelerpaten2\vendor\cakephp\bake\src\Shell\Task\ModelTask.php(194): Cake\ORM\Table->primaryKey()
#5 C:\xampp\htdocs\schuelerpaten2\vendor\cakephp\bake\src\Shell\Task\ModelTask.php(109): Bake\Shell\Task\ModelTask->getAssociations(Object(Cake\ORM\Table))
#6 C:\xampp\htdocs\schuelerpaten2\vendor\cakephp\bake\src\Shell\Task\ModelTask.php(95): Bake\Shell\Task\ModelTask->bake('PreferredTandem...')
#7 C:\xampp\htdocs\schuelerpaten2\vendor\cakephp\bake\src\Shell\BakeShell.php(241): Bake\Shell\Task\ModelTask->main('PreferredTandem...')
#8 [internal function]: Bake\Shell\BakeShell->all('preferred_tande...')
#9 C:\xampp\htdocs\schuelerpaten2\vendor\cakephp\cakephp\src\Console\Shell.php(380): call_user_func_array(Array, Array)
#10 C:\xampp\htdocs\schuelerpaten2\vendor\cakephp\cakephp\src\Console\ShellDispatcher.php(204): Cake\Console\Shell->runCommand(Array, true)
#11 C:\xampp\htdocs\schuelerpaten2\vendor\cakephp\cakephp\src\Console\ShellDispatcher.php(175): Cake\Console\ShellDispatcher->_dispatch()
#12 C:\xampp\htdocs\schuelerpaten2\vendor\cakephp\cakephp\src\Console\ShellDispatcher.php(126): Cake\Console\ShellDispatcher->dispatch()
#13 C:\xampp\htdocs\schuelerpaten2\bin\cake.php(33): Cake\Console\ShellDispatcher::run(Array)
#14 {main}


2015-06-13 14:40:10 Error: [Cake\Console\Exception\MissingShellException] Shell class for "All" could not be found.
Exception Attributes: array (
  'class' => 'All',
)
Stack Trace:
#0 /var/www/swp/vendor/cakephp/cakephp/src/Console/ShellDispatcher.php(201): Cake\Console\ShellDispatcher->findShell('all')
#1 /var/www/swp/vendor/cakephp/cakephp/src/Console/ShellDispatcher.php(175): Cake\Console\ShellDispatcher->_dispatch()
#2 /var/www/swp/vendor/cakephp/cakephp/src/Console/ShellDispatcher.php(126): Cake\Console\ShellDispatcher->dispatch()
#3 /var/www/swp/bin/cake.php(33): Cake\Console\ShellDispatcher::run(Array)
#4 {main}


2015-06-13 14:40:23 Error: [Cake\Console\Exception\MissingShellException] Shell class for "StudentClassranges" could not be found.
Exception Attributes: array (
  'class' => 'StudentClassranges',
)
Stack Trace:
#0 /var/www/swp/vendor/cakephp/cakephp/src/Console/ShellDispatcher.php(201): Cake\Console\ShellDispatcher->findShell('student_classra...')
#1 /var/www/swp/vendor/cakephp/cakephp/src/Console/ShellDispatcher.php(175): Cake\Console\ShellDispatcher->_dispatch()
#2 /var/www/swp/vendor/cakephp/cakephp/src/Console/ShellDispatcher.php(126): Cake\Console\ShellDispatcher->dispatch()
#3 /var/www/swp/bin/cake.php(33): Cake\Console\ShellDispatcher::run(Array)
#4 {main}


