2015-05-17 15:00:44 Error: [Cake\Controller\Exception\MissingActionException] Action UsersController::login() could not be found, or is not accessible.
Exception Attributes: array (
  'controller' => 'UsersController',
  'action' => 'login',
  'prefix' => '',
  'plugin' => NULL,
)
Request URL: /schuelerpaten/users/login
Stack Trace:
#0 C:\xampp\htdocs\schuelerpaten\vendor\cakephp\cakephp\src\Routing\Dispatcher.php(114): Cake\Controller\Controller->invokeAction()
#1 C:\xampp\htdocs\schuelerpaten\vendor\cakephp\cakephp\src\Routing\Dispatcher.php(87): Cake\Routing\Dispatcher->_invoke(Object(App\Controller\UsersController))
#2 C:\xampp\htdocs\schuelerpaten\webroot\index.php(37): Cake\Routing\Dispatcher->dispatch(Object(Cake\Network\Request), Object(Cake\Network\Response))
#3 {main}


2015-05-17 15:01:07 Error: [Cake\Controller\Exception\MissingActionException] Action UsersController::login() could not be found, or is not accessible.
Exception Attributes: array (
  'controller' => 'UsersController',
  'action' => 'login',
  'prefix' => '',
  'plugin' => NULL,
)
Request URL: /schuelerpaten/users/login
Stack Trace:
#0 C:\xampp\htdocs\schuelerpaten\vendor\cakephp\cakephp\src\Routing\Dispatcher.php(114): Cake\Controller\Controller->invokeAction()
#1 C:\xampp\htdocs\schuelerpaten\vendor\cakephp\cakephp\src\Routing\Dispatcher.php(87): Cake\Routing\Dispatcher->_invoke(Object(App\Controller\UsersController))
#2 C:\xampp\htdocs\schuelerpaten\webroot\index.php(37): Cake\Routing\Dispatcher->dispatch(Object(Cake\Network\Request), Object(Cake\Network\Response))
#3 {main}


2015-05-17 15:01:26 Error: [Cake\Controller\Exception\MissingActionException] Action UsersController::login() could not be found, or is not accessible.
Exception Attributes: array (
  'controller' => 'UsersController',
  'action' => 'login',
  'prefix' => '',
  'plugin' => NULL,
)
Request URL: /schuelerpaten/users/login
Stack Trace:
#0 C:\xampp\htdocs\schuelerpaten\vendor\cakephp\cakephp\src\Routing\Dispatcher.php(114): Cake\Controller\Controller->invokeAction()
#1 C:\xampp\htdocs\schuelerpaten\vendor\cakephp\cakephp\src\Routing\Dispatcher.php(87): Cake\Routing\Dispatcher->_invoke(Object(App\Controller\UsersController))
#2 C:\xampp\htdocs\schuelerpaten\webroot\index.php(37): Cake\Routing\Dispatcher->dispatch(Object(Cake\Network\Request), Object(Cake\Network\Response))
#3 {main}


2015-05-17 15:06:58 Error: [PDOException] SQLSTATE[42S22]: Column not found: 1054 Unknown column 'Users.mail' in 'where clause'
Request URL: /schuelerpaten/users/login
Stack Trace:
#0 C:\xampp\htdocs\schuelerpaten\vendor\cakephp\cakephp\src\Database\Statement\MysqlStatement.php(36): PDOStatement->execute(NULL)
#1 C:\xampp\htdocs\schuelerpaten\vendor\cakephp\cakephp\src\Database\Statement\StatementDecorator.php(169): Cake\Database\Statement\MysqlStatement->execute(NULL)
#2 C:\xampp\htdocs\schuelerpaten\vendor\cakephp\cakephp\src\Database\Log\LoggingStatement.php(55): Cake\Database\Statement\StatementDecorator->execute(NULL)
#3 C:\xampp\htdocs\schuelerpaten\vendor\cakephp\cakephp\src\Database\Connection.php(274): Cake\Database\Log\LoggingStatement->execute()
#4 C:\xampp\htdocs\schuelerpaten\vendor\cakephp\cakephp\src\Database\Query.php(175): Cake\Database\Connection->run(Object(Cake\ORM\Query))
#5 C:\xampp\htdocs\schuelerpaten\vendor\cakephp\cakephp\src\ORM\Query.php(657): Cake\Database\Query->execute()
#6 C:\xampp\htdocs\schuelerpaten\vendor\cakephp\cakephp\src\Datasource\QueryTrait.php(218): Cake\ORM\Query->_execute()
#7 C:\xampp\htdocs\schuelerpaten\vendor\cakephp\cakephp\src\ORM\Query.php(608): Cake\ORM\Query->_all()
#8 C:\xampp\htdocs\schuelerpaten\vendor\cakephp\cakephp\src\Datasource\QueryTrait.php(341): Cake\ORM\Query->all()
#9 C:\xampp\htdocs\schuelerpaten\vendor\cakephp\cakephp\src\Auth\BaseAuthenticate.php(125): Cake\ORM\Query->first()
#10 C:\xampp\htdocs\schuelerpaten\vendor\cakephp\cakephp\src\Auth\FormAuthenticate.php(77): Cake\Auth\BaseAuthenticate->_findUser('pate@test.de', 'test')
#11 C:\xampp\htdocs\schuelerpaten\vendor\cakephp\cakephp\src\Controller\Component\AuthComponent.php(751): Cake\Auth\FormAuthenticate->authenticate(Object(Cake\Network\Request), Object(Cake\Network\Response))
#12 C:\xampp\htdocs\schuelerpaten\src\Controller\UsersController.php(116): Cake\Controller\Component\AuthComponent->identify()
#13 [internal function]: App\Controller\UsersController->login()
#14 C:\xampp\htdocs\schuelerpaten\vendor\cakephp\cakephp\src\Controller\Controller.php(410): call_user_func_array(Array, Array)
#15 C:\xampp\htdocs\schuelerpaten\vendor\cakephp\cakephp\src\Routing\Dispatcher.php(114): Cake\Controller\Controller->invokeAction()
#16 C:\xampp\htdocs\schuelerpaten\vendor\cakephp\cakephp\src\Routing\Dispatcher.php(87): Cake\Routing\Dispatcher->_invoke(Object(App\Controller\UsersController))
#17 C:\xampp\htdocs\schuelerpaten\webroot\index.php(37): Cake\Routing\Dispatcher->dispatch(Object(Cake\Network\Request), Object(Cake\Network\Response))
#18 {main}


2015-05-17 15:09:03 Error: Fatal Error (1): Class 'App\Model\Entity\DefaultPasswordHasher' not found in [C:\xampp\htdocs\schuelerpaten\src\Model\Entity\User.php, line 28]
Trace:
Cake\Error\BaseErrorHandler::handleFatalError() - CORE\src\Error\BaseErrorHandler.php, line 191
Cake\Error\BaseErrorHandler::Cake\Error\{closure}() - CORE\src\Error\BaseErrorHandler.php, line 90
[main] - [internal], line ??



2015-05-17 15:09:04 Error: [Cake\Error\FatalErrorException] Class 'App\Model\Entity\DefaultPasswordHasher' not found
Request URL: /schuelerpaten/users/add
Stack Trace:
#0 C:\xampp\htdocs\schuelerpaten\vendor\cakephp\cakephp\src\Error\BaseErrorHandler.php(90): Cake\Error\BaseErrorHandler->handleFatalError(1, 'Class 'App\\Mode...', 'C:\\xampp\\htdocs...', 28)
#1 [internal function]: Cake\Error\BaseErrorHandler->Cake\Error\{closure}()
#2 {main}


2015-05-18 06:51:07 Error: Fatal Error (4): syntax error, unexpected '*', expecting function (T_FUNCTION) in [C:\xampp\htdocs\schuelerpaten\src\Controller\UsersController.php, line 134]
Trace:
Cake\Error\BaseErrorHandler::handleFatalError() - CORE\src\Error\BaseErrorHandler.php, line 191
Cake\Error\BaseErrorHandler::Cake\Error\{closure}() - CORE\src\Error\BaseErrorHandler.php, line 90
[main] - [internal], line ??



2015-05-18 06:51:08 Error: [Cake\Error\FatalErrorException] syntax error, unexpected '*', expecting function (T_FUNCTION)
Request URL: /schuelerpaten/users
Stack Trace:
#0 C:\xampp\htdocs\schuelerpaten\vendor\cakephp\cakephp\src\Error\BaseErrorHandler.php(90): Cake\Error\BaseErrorHandler->handleFatalError(4, 'syntax error, u...', 'C:\\xampp\\htdocs...', 134)
#1 [internal function]: Cake\Error\BaseErrorHandler->Cake\Error\{closure}()
#2 {main}


